# JRE version: OpenJDK Runtime Environment (8.0_152-b01) (build 1.8.0_152-release-1248-b01)
# Java VM: OpenJDK 64-Bit Server VM (25.152-b01 mixed mode linux-amd64 compressed oops)
Heap:
 PSYoungGen      total 191488K, used 14826K [0x00000000e0000000, 0x00000000ecb80000, 0x0000000100000000)
  eden space 176640K, 0% used [0x00000000e0000000,0x00000000e0000000,0x00000000eac80000)
  from space 14848K, 99% used [0x00000000eae80000,0x00000000ebcfab78,0x00000000ebd00000)
  to   space 11776K, 0% used [0x00000000ec000000,0x00000000ec000000,0x00000000ecb80000)
 ParOldGen       total 61952K, used 32403K [0x00000000a0000000, 0x00000000a3c80000, 0x00000000e0000000)
  object space 61952K, 52% used [0x00000000a0000000,0x00000000a1fa4c40,0x00000000a3c80000)
 Metaspace       used 57602K, capacity 59022K, committed 59160K, reserved 1099776K
  class space    used 7844K, capacity 8218K, committed 8240K, reserved 1048576K
GC Heap History (10 events):
Event: 2,966 GC heap after
Heap after GC invocations=8 (full 1):
 PSYoungGen      total 74240K, used 6987K [0x00000000e0000000, 0x00000000e8c80000, 0x0000000100000000)
  eden space 63488K, 0% used [0x00000000e0000000,0x00000000e0000000,0x00000000e3e00000)
  from space 10752K, 64% used [0x00000000e3e00000,0x00000000e44d2f70,0x00000000e4880000)
  to   space 10752K, 0% used [0x00000000e8200000,0x00000000e8200000,0x00000000e8c80000)
 ParOldGen       total 48128K, used 9077K [0x00000000a0000000, 0x00000000a2f00000, 0x00000000e0000000)
  object space 48128K, 18% used [0x00000000a0000000,0x00000000a08dd4e8,0x00000000a2f00000)
 Metaspace       used 26805K, capacity 27298K, committed 27440K, reserved 1073152K
  class space    used 3656K, capacity 3839K, committed 3888K, reserved 1048576K
}
Event: 3,453 GC heap before
{Heap before GC invocations=9 (full 1):
 PSYoungGen      total 74240K, used 70475K [0x00000000e0000000, 0x00000000e8c80000, 0x0000000100000000)
  eden space 63488K, 100% used [0x00000000e0000000,0x00000000e3e00000,0x00000000e3e00000)
  from space 10752K, 64% used [0x00000000e3e00000,0x00000000e44d2f70,0x00000000e4880000)
  to   space 10752K, 0% used [0x00000000e8200000,0x00000000e8200000,0x00000000e8c80000)
 ParOldGen       total 48128K, used 9077K [0x00000000a0000000, 0x00000000a2f00000, 0x00000000e0000000)
  object space 48128K, 18% used [0x00000000a0000000,0x00000000a08dd4e8,0x00000000a2f00000)
 Metaspace       used 30123K, capacity 30638K, committed 30896K, reserved 1075200K
  class space    used 4197K, capacity 4418K, committed 4528K, reserved 1048576K
Event: 3,460 GC heap after
Heap after GC invocations=9 (full 1):
 PSYoungGen      total 130048K, used 8201K [0x00000000e0000000, 0x00000000e8b00000, 0x0000000100000000)
  eden space 120832K, 0% used [0x00000000e0000000,0x00000000e0000000,0x00000000e7600000)
  from space 9216K, 88% used [0x00000000e8200000,0x00000000e8a02558,0x00000000e8b00000)
  to   space 10752K, 0% used [0x00000000e7600000,0x00000000e7600000,0x00000000e8080000)
 ParOldGen       total 48128K, used 9085K [0x00000000a0000000, 0x00000000a2f00000, 0x00000000e0000000)
  object space 48128K, 18% used [0x00000000a0000000,0x00000000a08df4e8,0x00000000a2f00000)
 Metaspace       used 30123K, capacity 30638K, committed 30896K, reserved 1075200K
  class space    used 4197K, capacity 4418K, committed 4528K, reserved 1048576K
}
Event: 4,113 GC heap before
{Heap before GC invocations=10 (full 1):
 PSYoungGen      total 130048K, used 49668K [0x00000000e0000000, 0x00000000e8b00000, 0x0000000100000000)
  eden space 120832K, 34% used [0x00000000e0000000,0x00000000e287ed28,0x00000000e7600000)
  from space 9216K, 88% used [0x00000000e8200000,0x00000000e8a02558,0x00000000e8b00000)
  to   space 10752K, 0% used [0x00000000e7600000,0x00000000e7600000,0x00000000e8080000)
 ParOldGen       total 48128K, used 9085K [0x00000000a0000000, 0x00000000a2f00000, 0x00000000e0000000)
  object space 48128K, 18% used [0x00000000a0000000,0x00000000a08df4e8,0x00000000a2f00000)
 Metaspace       used 34757K, capacity 35312K, committed 35496K, reserved 1079296K
  class space    used 4846K, capacity 5060K, committed 5168K, reserved 1048576K
Event: 4,124 GC heap after
Heap after GC invocations=10 (full 1):
 PSYoungGen      total 131584K, used 9911K [0x00000000e0000000, 0x00000000ecb80000, 0x0000000100000000)
  eden space 120832K, 0% used [0x00000000e0000000,0x00000000e0000000,0x00000000e7600000)
  from space 10752K, 92% used [0x00000000e7600000,0x00000000e7fade10,0x00000000e8080000)
  to   space 11776K, 0% used [0x00000000ec000000,0x00000000ec000000,0x00000000ecb80000)
 ParOldGen       total 48128K, used 9093K [0x00000000a0000000, 0x00000000a2f00000, 0x00000000e0000000)
  object space 48128K, 18% used [0x00000000a0000000,0x00000000a08e14e8,0x00000000a2f00000)
 Metaspace       used 34757K, capacity 35312K, committed 35496K, reserved 1079296K
  class space    used 4846K, capacity 5060K, committed 5168K, reserved 1048576K
}
Event: 4,124 GC heap before
{Heap before GC invocations=11 (full 2):
 PSYoungGen      total 131584K, used 9911K [0x00000000e0000000, 0x00000000ecb80000, 0x0000000100000000)
  eden space 120832K, 0% used [0x00000000e0000000,0x00000000e0000000,0x00000000e7600000)
  from space 10752K, 92% used [0x00000000e7600000,0x00000000e7fade10,0x00000000e8080000)
  to   space 11776K, 0% used [0x00000000ec000000,0x00000000ec000000,0x00000000ecb80000)
 ParOldGen       total 48128K, used 9093K [0x00000000a0000000, 0x00000000a2f00000, 0x00000000e0000000)
  object space 48128K, 18% used [0x00000000a0000000,0x00000000a08e14e8,0x00000000a2f00000)
 Metaspace       used 34757K, capacity 35312K, committed 35496K, reserved 1079296K
  class space    used 4846K, capacity 5060K, committed 5168K, reserved 1048576K
Event: 4,187 GC heap after
Heap after GC invocations=11 (full 2):
 PSYoungGen      total 131584K, used 0K [0x00000000e0000000, 0x00000000ecb80000, 0x0000000100000000)
  eden space 120832K, 0% used [0x00000000e0000000,0x00000000e0000000,0x00000000e7600000)
  from space 10752K, 0% used [0x00000000e7600000,0x00000000e7600000,0x00000000e8080000)
  to   space 11776K, 0% used [0x00000000ec000000,0x00000000ec000000,0x00000000ecb80000)
 ParOldGen       total 61952K, used 16461K [0x00000000a0000000, 0x00000000a3c80000, 0x00000000e0000000)
  object space 61952K, 26% used [0x00000000a0000000,0x00000000a1013438,0x00000000a3c80000)
 Metaspace       used 34757K, capacity 35312K, committed 35496K, reserved 1079296K
  class space    used 4846K, capacity 5060K, committed 5168K, reserved 1048576K
}
Event: 5,678 GC heap before
{Heap before GC invocations=12 (full 2):
 PSYoungGen      total 131584K, used 120832K [0x00000000e0000000, 0x00000000ecb80000, 0x0000000100000000)
  eden space 120832K, 100% used [0x00000000e0000000,0x00000000e7600000,0x00000000e7600000)
  from space 10752K, 0% used [0x00000000e7600000,0x00000000e7600000,0x00000000e8080000)
  to   space 11776K, 0% used [0x00000000ec000000,0x00000000ec000000,0x00000000ecb80000)
 ParOldGen       total 61952K, used 16461K [0x00000000a0000000, 0x00000000a3c80000, 0x00000000e0000000)
  object space 61952K, 26% used [0x00000000a0000000,0x00000000a1013438,0x00000000a3c80000)
 Metaspace       used 47518K, capacity 48412K, committed 48816K, reserved 1091584K
  class space    used 6449K, capacity 6747K, committed 6832K, reserved 1048576K
Event: 5,692 GC heap after
Heap after GC invocations=12 (full 2):
 PSYoungGen      total 188416K, used 11771K [0x00000000e0000000, 0x00000000ecb80000, 0x0000000100000000)
  eden space 176640K, 0% used [0x00000000e0000000,0x00000000e0000000,0x00000000eac80000)
  from space 11776K, 99% used [0x00000000ec000000,0x00000000ecb7edc0,0x00000000ecb80000)
  to   space 14848K, 0% used [0x00000000eae80000,0x00000000eae80000,0x00000000ebd00000)
 ParOldGen       total 61952K, used 21801K [0x00000000a0000000, 0x00000000a3c80000, 0x00000000e0000000)
  object space 61952K, 35% used [0x00000000a0000000,0x00000000a154a420,0x00000000a3c80000)
 Metaspace       used 47518K, capacity 48412K, committed 48816K, reserved 1091584K
  class space    used 6449K, capacity 6747K, committed 6832K, reserved 1048576K
}
Event: 7,442 GC heap before
{Heap before GC invocations=13 (full 2):
 PSYoungGen      total 188416K, used 188333K [0x00000000e0000000, 0x00000000ecb80000, 0x0000000100000000)
  eden space 176640K, 99% used [0x00000000e0000000,0x00000000eac6c9b8,0x00000000eac80000)
  from space 11776K, 99% used [0x00000000ec000000,0x00000000ecb7edc0,0x00000000ecb80000)
  to   space 14848K, 0% used [0x00000000eae80000,0x00000000eae80000,0x00000000ebd00000)
 ParOldGen       total 61952K, used 21801K [0x00000000a0000000, 0x00000000a3c80000, 0x00000000e0000000)
  object space 61952K, 35% used [0x00000000a0000000,0x00000000a154a420,0x00000000a3c80000)
 Metaspace       used 57602K, capacity 59022K, committed 59160K, reserved 1099776K
  class space    used 7844K, capacity 8218K, committed 8240K, reserved 1048576K

